<?xml version="1.0" encoding="UTF-8"?>
<!-- Generated by org.testng.reporters.JUnitReportReporter -->
<testsuite hostname="14CX3W2" failures="0" tests="1" name="com.test.Try.Testclass4" time="4.017" errors="0" timestamp="2022-05-04T17:15:25 IST" skipped="0">
  <testcase classname="com.test.Try.Testclass4" name="getUrl" time="4.017"/>
  <system-out/>
</testsuite> <!-- com.test.Try.Testclass4 -->
